<?xml version="1.0" encoding="UTF-8"?>
<!-- Generated by org.testng.reporters.JUnitReportReporter -->
<testsuite hostname="TYSS-AbdulArif" failures="0" tests="1" name="Test01.HomeTest_01" time="0.061" errors="0" timestamp="2024-01-24T10:04:55 IST" skipped="0">
  <testcase classname="Test01.HomeTest_01" name="home001" time="0.061"/>
</testsuite> <!-- Test01.HomeTest_01 -->
